This file contains any messages produced by compilers while
running configure, to aid debugging if configure makes a mistake.

It was created by jansson configure 2.14, which was
generated by GNU Autoconf 2.71.  Invocation command line was

  $ ./configure

## --------- ##
## Platform. ##
## --------- ##

hostname = taiyos-mbp.ds.usfca.edu
uname -m = arm64
uname -r = 23.4.0
uname -s = Darwin
uname -v = Darwin Kernel Version 23.4.0: Fri Mar 15 00:12:41 PDT 2024; root:xnu-10063.101.17~1/RELEASE_ARM64_T8103

/usr/bin/uname -p = arm
/bin/uname -X     = unknown

/bin/arch              = unknown
/usr/bin/arch -k       = unknown
/usr/convex/getsysinfo = unknown
/usr/bin/hostinfo      = Mach kernel version:
	 Darwin Kernel Version 23.4.0: Fri Mar 15 00:12:41 PDT 2024; root:xnu-10063.101.17~1/RELEASE_ARM64_T8103
Kernel configured for up to 8 processors.
8 processors are physically available.
8 processors are logically available.
Processor type: arm64e (ARM64E)
Processors active: 0 1 2 3 4 5 6 7
Primary memory available: 8.00 gigabytes
Default processor set: 469 tasks, 4192 threads, 8 processors
Load average: 1.98, Mach factor: 6.01
/bin/machine           = unknown
/usr/bin/oslevel       = unknown
/bin/universe          = unknown

PATH: /opt/homebrew/bin/
PATH: /opt/homebrew/sbin/
PATH: /Library/Frameworks/Python.framework/Versions/3.10/bin/
PATH: /usr/local/bin/
PATH: /System/Cryptexes/App/usr/bin/
PATH: /usr/bin/
PATH: /bin/
PATH: /usr/sbin/
PATH: /sbin/
PATH: /var/run/com.apple.security.cryptexd/codex.system/bootstrap/usr/local/bin/
PATH: /var/run/com.apple.security.cryptexd/codex.system/bootstrap/usr/bin/
PATH: /var/run/com.apple.security.cryptexd/codex.system/bootstrap/usr/appleinternal/bin/
PATH: /Library/TeX/texbin/


## ----------- ##
## Core tests. ##
## ----------- ##

configure:2971: looking for aux files: config.guess config.sub ltmain.sh compile missing install-sh
configure:2984:  trying ././
configure:3013:   ././config.guess found
configure:3013:   ././config.sub found
configure:3013:   ././ltmain.sh found
configure:3013:   ././compile found
configure:3013:   ././missing found
configure:2995:   ././install-sh found
configure:3144: checking for a BSD-compatible install
configure:3217: result: /usr/bin/install -c
configure:3228: checking whether build environment is sane
configure:3283: result: yes
configure:3442: checking for a race-free mkdir -p
configure:3486: result: ././install-sh -c -d
configure:3493: checking for gawk
configure:3528: result: no
configure:3493: checking for mawk
configure:3528: result: no
configure:3493: checking for nawk
configure:3528: result: no
configure:3493: checking for awk
configure:3514: found /usr/bin/awk
configure:3525: result: awk
configure:3536: checking whether make sets $(MAKE)
configure:3559: result: yes
configure:3589: checking whether make supports nested variables
configure:3607: result: yes
configure:3811: checking for gcc
configure:3832: found /usr/bin/gcc
configure:3843: result: gcc
configure:4196: checking for C compiler version
configure:4205: gcc --version >&5
Apple clang version 15.0.0 (clang-1500.3.9.4)
Target: arm64-apple-darwin23.4.0
Thread model: posix
InstalledDir: /Library/Developer/CommandLineTools/usr/bin
configure:4216: $? = 0
configure:4205: gcc -v >&5
Apple clang version 15.0.0 (clang-1500.3.9.4)
Target: arm64-apple-darwin23.4.0
Thread model: posix
InstalledDir: /Library/Developer/CommandLineTools/usr/bin
configure:4216: $? = 0
configure:4205: gcc -V >&5
clang: error: argument to '-V' is missing (expected 1 value)
clang: error: no input files
configure:4216: $? = 1
configure:4205: gcc -qversion >&5
clang: error: unknown argument '-qversion'; did you mean '--version'?
clang: error: no input files
configure:4216: $? = 1
configure:4205: gcc -version >&5
clang: error: unknown argument '-version'; did you mean '--version'?
clang: error: no input files
configure:4216: $? = 1
configure:4236: checking whether the C compiler works
configure:4258: gcc    conftest.c  >&5
configure:4262: $? = 0
configure:4312: result: yes
configure:4315: checking for C compiler default output file name
configure:4317: result: a.out
configure:4323: checking for suffix of executables
configure:4330: gcc -o conftest    conftest.c  >&5
configure:4334: $? = 0
configure:4357: result: 
configure:4379: checking whether we are cross compiling
configure:4387: gcc -o conftest    conftest.c  >&5
configure:4391: $? = 0
configure:4398: ./conftest
configure:4402: $? = 0
configure:4417: result: no
configure:4422: checking for suffix of object files
configure:4445: gcc -c   conftest.c >&5
configure:4449: $? = 0
configure:4471: result: o
configure:4475: checking whether the compiler supports GNU C
configure:4495: gcc -c   conftest.c >&5
configure:4495: $? = 0
configure:4505: result: yes
configure:4516: checking whether gcc accepts -g
configure:4537: gcc -c -g  conftest.c >&5
configure:4537: $? = 0
configure:4581: result: yes
configure:4601: checking for gcc option to enable C11 features
configure:4616: gcc  -c -g -O2  conftest.c >&5
conftest.c:25:14: warning: a function definition without a prototype is deprecated in all versions of C and is not supported in C2x [-Wdeprecated-non-prototype]
static char *e (p, i)
             ^
1 warning generated.
configure:4616: $? = 0
configure:4634: result: none needed
configure:4750: checking whether gcc understands -c and -o together
configure:4773: gcc -c conftest.c -o conftest2.o
configure:4776: $? = 0
configure:4773: gcc -c conftest.c -o conftest2.o
configure:4776: $? = 0
configure:4788: result: yes
configure:4808: checking whether make supports the include directive
configure:4823: make -f confmf.GNU && cat confinc.out
this is the am__doit target
configure:4826: $? = 0
configure:4845: result: yes (GNU style)
configure:4871: checking dependency style of gcc
configure:4983: result: gcc3
configure:5067: checking for g++
configure:5088: found /usr/bin/g++
configure:5099: result: g++
configure:5126: checking for C++ compiler version
configure:5135: g++ --version >&5
Apple clang version 15.0.0 (clang-1500.3.9.4)
Target: arm64-apple-darwin23.4.0
Thread model: posix
InstalledDir: /Library/Developer/CommandLineTools/usr/bin
configure:5146: $? = 0
configure:5135: g++ -v >&5
Apple clang version 15.0.0 (clang-1500.3.9.4)
Target: arm64-apple-darwin23.4.0
Thread model: posix
InstalledDir: /Library/Developer/CommandLineTools/usr/bin
configure:5146: $? = 0
configure:5135: g++ -V >&5
clang: error: argument to '-V' is missing (expected 1 value)
clang: error: no input files
configure:5146: $? = 1
configure:5135: g++ -qversion >&5
clang: error: unknown argument '-qversion'; did you mean '--version'?
clang: error: no input files
configure:5146: $? = 1
configure:5150: checking whether the compiler supports GNU C++
configure:5170: g++ -c   conftest.cpp >&5
configure:5170: $? = 0
configure:5180: result: yes
configure:5191: checking whether g++ accepts -g
configure:5212: g++ -c -g  conftest.cpp >&5
configure:5212: $? = 0
configure:5256: result: yes
configure:5276: checking for g++ option to enable C++11 features
configure:5291: g++  -c -g -O2  conftest.cpp >&5
conftest.cpp:57:3: error: "Compiler does not advertise C++11 conformance"
# error "Compiler does not advertise C++11 conformance"
  ^
conftest.cpp:62:3: error: unknown type name 'constexpr'
  constexpr int get_val() { return 20; }
  ^
conftest.cpp:74:17: error: delegating constructors are permitted only in C++11
    delegate(): delegate(2354) {}
                ^~~~~~~~
conftest.cpp:85:26: warning: 'override' keyword is a C++11 extension [-Wc++11-extensions]
    virtual int getval() override final { return this->n * 2; }
                         ^
conftest.cpp:85:35: warning: 'final' keyword is a C++11 extension [-Wc++11-extensions]
    virtual int getval() override final { return this->n * 2; }
                                  ^
conftest.cpp:92:16: warning: defaulted function definitions are a C++11 extension [-Wc++11-extensions]
    nocopy() = default;
               ^
conftest.cpp:93:29: warning: deleted function definitions are a C++11 extension [-Wc++11-extensions]
    nocopy(const nocopy&) = delete;
                            ^
conftest.cpp:94:41: warning: deleted function definitions are a C++11 extension [-Wc++11-extensions]
    nocopy & operator=(const nocopy&) = delete;
                                        ^
conftest.cpp:106:25: warning: 'auto' type specifier is a C++11 extension [-Wc++11-extensions]
  template <typename V> auto sum(V first) -> V
                        ^
conftest.cpp:106:25: error: 'auto' not allowed in function return type
  template <typename V> auto sum(V first) -> V
                        ^~~~
conftest.cpp:106:42: error: expected ';' at end of declaration
  template <typename V> auto sum(V first) -> V
                                         ^
                                         ;
conftest.cpp:106:43: error: cannot use arrow operator on a type
  template <typename V> auto sum(V first) -> V
                                          ^
conftest.cpp:110:33: warning: variadic templates are a C++11 extension [-Wc++11-extensions]
  template <typename V, typename... Args> auto sum(V first, Args... rest) -> V
                                ^
conftest.cpp:110:43: warning: 'auto' type specifier is a C++11 extension [-Wc++11-extensions]
  template <typename V, typename... Args> auto sum(V first, Args... rest) -> V
                                          ^
conftest.cpp:110:43: error: 'auto' not allowed in function return type
  template <typename V, typename... Args> auto sum(V first, Args... rest) -> V
                                          ^~~~
conftest.cpp:110:74: error: expected ';' at end of declaration
  template <typename V, typename... Args> auto sum(V first, Args... rest) -> V
                                                                         ^
                                                                         ;
conftest.cpp:110:75: error: cannot use arrow operator on a type
  template <typename V, typename... Args> auto sum(V first, Args... rest) -> V
                                                                          ^
conftest.cpp:134:3: warning: 'auto' type specifier is a C++11 extension [-Wc++11-extensions]
  auto a1 = 6538;
  ^
conftest.cpp:135:3: warning: 'auto' type specifier is a C++11 extension [-Wc++11-extensions]
  auto a2 = 48573953.4;
  ^
conftest.cpp:136:3: warning: 'auto' type specifier is a C++11 extension [-Wc++11-extensions]
  auto a3 = "String literal";
  ^
conftest.cpp:139:8: warning: 'auto' type specifier is a C++11 extension [-Wc++11-extensions]
  for (auto i = a3; *i; ++i) { total += *i; }
       ^
conftest.cpp:155:8: warning: 'auto' type specifier is a C++11 extension [-Wc++11-extensions]
  for (auto &x : array) { x += 23; }
       ^
conftest.cpp:155:16: warning: range-based for loop is a C++11 extension [-Wc++11-extensions]
  for (auto &x : array) { x += 23; }
               ^
conftest.cpp:160:17: error: expected expression
  assert (eval ([](int x) { return x*2; }, 21) == 42);
                ^
conftest.cpp:162:17: error: expected expression
  assert (eval ([&](double x) { return d += x; }, 3.0) == 5.0);
                ^
conftest.cpp:164:17: error: expected expression
  assert (eval ([=](double x) mutable { return d += x; }, 4.0) == 9.0);
                ^
conftest.cpp:170:3: warning: 'auto' type specifier is a C++11 extension [-Wc++11-extensions]
  auto a = sum(1);
  ^
conftest.cpp:170:12: error: no matching function for call to 'sum'
  auto a = sum(1);
           ^~~
conftest.cpp:171:3: warning: 'auto' type specifier is a C++11 extension [-Wc++11-extensions]
  auto b = sum(1, 2);
  ^
conftest.cpp:171:12: error: no matching function for call to 'sum'
  auto b = sum(1, 2);
           ^~~
conftest.cpp:172:3: warning: 'auto' type specifier is a C++11 extension [-Wc++11-extensions]
  auto c = sum(1.0, 2.0, 3.0);
  ^
conftest.cpp:172:12: error: no matching function for call to 'sum'
  auto c = sum(1.0, 2.0, 3.0);
           ^~~
conftest.cpp:177:25: warning: empty parentheses interpreted as a function declaration [-Wvexing-parse]
  cxx11test::delegate d2();
                        ^~
conftest.cpp:177:25: note: remove parentheses to declare a variable
  cxx11test::delegate d2();
                        ^~
conftest.cpp:190:16: error: found '<::' after a template name which forms the digraph '<:' (aka '[') and a ':', did you mean '< ::'?
  test_template<::test_template<int>> v(test_template<int>(12));
               ^~~
               < ::
conftest.cpp:190:36: error: a space is required between consecutive right angle brackets (use '> >')
  test_template<::test_template<int>> v(test_template<int>(12));
                                   ^~
                                   > >
conftest.cpp:194:22: error: use of undeclared identifier 'u8'
  char const *utf8 = u8"UTF-8 string \u2500";
                     ^
conftest.cpp:194:24: error: expected ';' at end of declaration
  char const *utf8 = u8"UTF-8 string \u2500";
                       ^
                       ;
fatal error: too many errors emitted, stopping now [-ferror-limit=]
18 warnings and 20 errors generated.
configure:5291: $? = 1
configure: failed program was:
| /* confdefs.h */
| #define PACKAGE_NAME "jansson"
| #define PACKAGE_TARNAME "jansson"
| #define PACKAGE_VERSION "2.14"
| #define PACKAGE_STRING "jansson 2.14"
| #define PACKAGE_BUGREPORT "https://github.com/akheron/jansson/issues"
| #define PACKAGE_URL ""
| #define PACKAGE "jansson"
| #define VERSION "2.14"
| /* end confdefs.h.  */
| 
| // Does the compiler advertise C++98 conformance?
| #if !defined __cplusplus || __cplusplus < 199711L
| # error "Compiler does not advertise C++98 conformance"
| #endif
| 
| // These inclusions are to reject old compilers that
| // lack the unsuffixed header files.
| #include <cstdlib>
| #include <exception>
| 
| // <cassert> and <cstring> are *not* freestanding headers in C++98.
| extern void assert (int);
| namespace std {
|   extern int strcmp (const char *, const char *);
| }
| 
| // Namespaces, exceptions, and templates were all added after "C++ 2.0".
| using std::exception;
| using std::strcmp;
| 
| namespace {
| 
| void test_exception_syntax()
| {
|   try {
|     throw "test";
|   } catch (const char *s) {
|     // Extra parentheses suppress a warning when building autoconf itself,
|     // due to lint rules shared with more typical C programs.
|     assert (!(strcmp) (s, "test"));
|   }
| }
| 
| template <typename T> struct test_template
| {
|   T const val;
|   explicit test_template(T t) : val(t) {}
|   template <typename U> T add(U u) { return static_cast<T>(u) + val; }
| };
| 
| } // anonymous namespace
| 
| 
| // Does the compiler advertise C++ 2011 conformance?
| #if !defined __cplusplus || __cplusplus < 201103L
| # error "Compiler does not advertise C++11 conformance"
| #endif
| 
| namespace cxx11test
| {
|   constexpr int get_val() { return 20; }
| 
|   struct testinit
|   {
|     int i;
|     double d;
|   };
| 
|   class delegate
|   {
|   public:
|     delegate(int n) : n(n) {}
|     delegate(): delegate(2354) {}
| 
|     virtual int getval() { return this->n; };
|   protected:
|     int n;
|   };
| 
|   class overridden : public delegate
|   {
|   public:
|     overridden(int n): delegate(n) {}
|     virtual int getval() override final { return this->n * 2; }
|   };
| 
|   class nocopy
|   {
|   public:
|     nocopy(int i): i(i) {}
|     nocopy() = default;
|     nocopy(const nocopy&) = delete;
|     nocopy & operator=(const nocopy&) = delete;
|   private:
|     int i;
|   };
| 
|   // for testing lambda expressions
|   template <typename Ret, typename Fn> Ret eval(Fn f, Ret v)
|   {
|     return f(v);
|   }
| 
|   // for testing variadic templates and trailing return types
|   template <typename V> auto sum(V first) -> V
|   {
|     return first;
|   }
|   template <typename V, typename... Args> auto sum(V first, Args... rest) -> V
|   {
|     return first + sum(rest...);
|   }
| }
| 
| 
| int
| main (int argc, char **argv)
| {
|   int ok = 0;
|   
|   assert (argc);
|   assert (! argv[0]);
| {
|   test_exception_syntax ();
|   test_template<double> tt (2.0);
|   assert (tt.add (4) == 6.0);
|   assert (true && !false);
| }
| 
|   
| {
|   // Test auto and decltype
|   auto a1 = 6538;
|   auto a2 = 48573953.4;
|   auto a3 = "String literal";
| 
|   int total = 0;
|   for (auto i = a3; *i; ++i) { total += *i; }
| 
|   decltype(a2) a4 = 34895.034;
| }
| {
|   // Test constexpr
|   short sa[cxx11test::get_val()] = { 0 };
| }
| {
|   // Test initializer lists
|   cxx11test::testinit il = { 4323, 435234.23544 };
| }
| {
|   // Test range-based for
|   int array[] = {9, 7, 13, 15, 4, 18, 12, 10, 5, 3,
|                  14, 19, 17, 8, 6, 20, 16, 2, 11, 1};
|   for (auto &x : array) { x += 23; }
| }
| {
|   // Test lambda expressions
|   using cxx11test::eval;
|   assert (eval ([](int x) { return x*2; }, 21) == 42);
|   double d = 2.0;
|   assert (eval ([&](double x) { return d += x; }, 3.0) == 5.0);
|   assert (d == 5.0);
|   assert (eval ([=](double x) mutable { return d += x; }, 4.0) == 9.0);
|   assert (d == 5.0);
| }
| {
|   // Test use of variadic templates
|   using cxx11test::sum;
|   auto a = sum(1);
|   auto b = sum(1, 2);
|   auto c = sum(1.0, 2.0, 3.0);
| }
| {
|   // Test constructor delegation
|   cxx11test::delegate d1;
|   cxx11test::delegate d2();
|   cxx11test::delegate d3(45);
| }
| {
|   // Test override and final
|   cxx11test::overridden o1(55464);
| }
| {
|   // Test nullptr
|   char *c = nullptr;
| }
| {
|   // Test template brackets
|   test_template<::test_template<int>> v(test_template<int>(12));
| }
| {
|   // Unicode literals
|   char const *utf8 = u8"UTF-8 string \u2500";
|   char16_t const *utf16 = u"UTF-8 string \u2500";
|   char32_t const *utf32 = U"UTF-32 string \u2500";
| }
| 
|   return ok;
| }
| 
configure:5309: result: none needed
configure:5375: checking dependency style of g++
configure:5487: result: gcc3
configure:5534: checking build system type
configure:5549: result: aarch64-apple-darwin23.4.0
configure:5569: checking host system type
configure:5583: result: aarch64-apple-darwin23.4.0
configure:5624: checking how to print strings
configure:5651: result: printf
configure:5672: checking for a sed that does not truncate output
configure:5742: result: /usr/bin/sed
configure:5760: checking for grep that handles long lines and -e
configure:5824: result: /usr/bin/grep
configure:5829: checking for egrep
configure:5897: result: /usr/bin/grep -E
configure:5902: checking for fgrep
configure:5970: result: /usr/bin/grep -F
configure:6006: checking for ld used by gcc
configure:6074: result: /Library/Developer/CommandLineTools/usr/bin/ld
configure:6081: checking if the linker (/Library/Developer/CommandLineTools/usr/bin/ld) is GNU ld
configure:6097: result: no
configure:6109: checking for BSD- or MS-compatible name lister (nm)
configure:6164: result: /usr/bin/nm -B
configure:6304: checking the name lister (/usr/bin/nm -B) interface
configure:6312: gcc -c -g -O2  conftest.c >&5
configure:6315: /usr/bin/nm -B "conftest.o"
configure:6318: output
0000000000000230 S _some_variable
0000000000000000 t ltmp0
0000000000000230 s ltmp1
configure:6325: result: BSD nm
configure:6328: checking whether ln -s works
configure:6332: result: yes
configure:6340: checking the maximum length of command line arguments
configure:6472: result: 786432
configure:6520: checking how to convert aarch64-apple-darwin23.4.0 file names to aarch64-apple-darwin23.4.0 format
configure:6561: result: func_convert_file_noop
configure:6568: checking how to convert aarch64-apple-darwin23.4.0 file names to toolchain format
configure:6589: result: func_convert_file_noop
configure:6596: checking for /Library/Developer/CommandLineTools/usr/bin/ld option to reload object files
configure:6604: result: -r
configure:6683: checking for objdump
configure:6704: found /usr/bin/objdump
configure:6715: result: objdump
configure:6747: checking how to recognize dependent libraries
configure:6948: result: pass_all
configure:7038: checking for dlltool
configure:7073: result: no
configure:7103: checking how to associate runtime and link libraries
configure:7131: result: printf %s\n
configure:7197: checking for ar
configure:7218: found /usr/bin/ar
configure:7229: result: ar
configure:7282: checking for archiver @FILE support
configure:7300: gcc -c -g -O2  conftest.c >&5
configure:7300: $? = 0
configure:7304: ar cr libconftest.a @conftest.lst >&5
ar: @conftest.lst: No such file or directory
configure:7307: $? = 1
configure:7327: result: no
configure:7390: checking for strip
configure:7411: found /usr/bin/strip
configure:7422: result: strip
configure:7499: checking for ranlib
configure:7520: found /usr/bin/ranlib
configure:7531: result: ranlib
configure:7633: checking command to parse /usr/bin/nm -B output from gcc object
configure:7787: gcc -c -g -O2  conftest.c >&5
configure:7790: $? = 0
configure:7794: /usr/bin/nm -B conftest.o \| sed -n -e 's/^.*[ ]\([ABCDGIRSTW][ABCDGIRSTW]*\)[ ][ ]*\([_A-Za-z][_A-Za-z0-9]*\)$/\1 \2 \2/p' | sed '/ __gnu_lto/d' \> conftest.nm
configure:7797: $? = 0
cannot find nm_test_var in conftest.nm
configure:7787: gcc -c -g -O2  conftest.c >&5
configure:7790: $? = 0
configure:7794: /usr/bin/nm -B conftest.o \| sed -n -e 's/^.*[ ]\([ABCDGIRSTW][ABCDGIRSTW]*\)[ ][ ]*_\([_A-Za-z][_A-Za-z0-9]*\)$/\1 _\2 \2/p' | sed '/ __gnu_lto/d' \> conftest.nm
configure:7797: $? = 0
configure:7863: gcc -o conftest -g -O2   conftest.c conftstm.o >&5
configure:7866: $? = 0
configure:7904: result: ok
configure:7951: checking for sysroot
configure:7982: result: no
configure:7989: checking for a working dd
configure:8033: result: /bin/dd
configure:8037: checking how to truncate binary pipes
configure:8053: result: /bin/dd bs=4096 count=1
configure:8390: checking for mt
configure:8425: result: no
configure:8445: checking if : is a manifest tool
configure:8452: : '-?'
configure:8460: result: no
configure:8521: checking for dsymutil
configure:8542: found /usr/bin/dsymutil
configure:8553: result: dsymutil
configure:8623: checking for nmedit
configure:8644: found /usr/bin/nmedit
configure:8655: result: nmedit
configure:8725: checking for lipo
configure:8746: found /usr/bin/lipo
configure:8757: result: lipo
configure:8827: checking for otool
configure:8848: found /usr/bin/otool
configure:8859: result: otool
configure:8929: checking for otool64
configure:8964: result: no
configure:9009: checking for -single_module linker flag
gcc -g -O2  -o libconftest.dylib -dynamiclib -Wl,-single_module conftest.c
ld: warning: -single_module is obsolete
configure:9043: result: no
configure:9046: checking for -exported_symbols_list linker flag
configure:9067: gcc -o conftest -g -O2   -Wl,-exported_symbols_list,conftest.sym conftest.c  >&5
configure:9067: $? = 0
configure:9078: result: yes
configure:9081: checking for -force_load linker flag
gcc -g -O2 -c -o conftest.o conftest.c
ar cr libconftest.a conftest.o
ranlib libconftest.a
gcc -g -O2  -o conftest conftest.c -Wl,-force_load,./libconftest.a
configure:9114: result: yes
configure:9190: checking for stdio.h
configure:9190: gcc -c -g -O2  conftest.c >&5
configure:9190: $? = 0
configure:9190: result: yes
configure:9190: checking for stdlib.h
configure:9190: gcc -c -g -O2  conftest.c >&5
configure:9190: $? = 0
configure:9190: result: yes
configure:9190: checking for string.h
configure:9190: gcc -c -g -O2  conftest.c >&5
configure:9190: $? = 0
configure:9190: result: yes
configure:9190: checking for inttypes.h
configure:9190: gcc -c -g -O2  conftest.c >&5
configure:9190: $? = 0
configure:9190: result: yes
configure:9190: checking for stdint.h
configure:9190: gcc -c -g -O2  conftest.c >&5
configure:9190: $? = 0
configure:9190: result: yes
configure:9190: checking for strings.h
configure:9190: gcc -c -g -O2  conftest.c >&5
configure:9190: $? = 0
configure:9190: result: yes
configure:9190: checking for sys/stat.h
configure:9190: gcc -c -g -O2  conftest.c >&5
configure:9190: $? = 0
configure:9190: result: yes
configure:9190: checking for sys/types.h
configure:9190: gcc -c -g -O2  conftest.c >&5
configure:9190: $? = 0
configure:9190: result: yes
configure:9190: checking for unistd.h
configure:9190: gcc -c -g -O2  conftest.c >&5
configure:9190: $? = 0
configure:9190: result: yes
configure:9215: checking for dlfcn.h
configure:9215: gcc -c -g -O2  conftest.c >&5
configure:9215: $? = 0
configure:9215: result: yes
configure:9485: checking for objdir
configure:9501: result: .libs
configure:9761: checking if gcc supports -fno-rtti -fno-exceptions
configure:9780: gcc -c -g -O2  -fno-rtti -fno-exceptions conftest.c >&5
configure:9784: $? = 0
configure:9797: result: yes
configure:10155: checking for gcc option to produce PIC
configure:10163: result: -fno-common -DPIC
configure:10171: checking if gcc PIC flag -fno-common -DPIC works
configure:10190: gcc -c -g -O2  -fno-common -DPIC -DPIC conftest.c >&5
configure:10194: $? = 0
configure:10207: result: yes
configure:10236: checking if gcc static flag -static works
configure:10265: result: no
configure:10280: checking if gcc supports -c -o file.o
configure:10302: gcc -c -g -O2  -o out/conftest2.o conftest.c >&5
configure:10306: $? = 0
configure:10328: result: yes
configure:10336: checking if gcc supports -c -o file.o
configure:10384: result: yes
configure:10417: checking whether the gcc linker (/Library/Developer/CommandLineTools/usr/bin/ld) supports shared libraries
configure:11685: result: yes
configure:11926: checking dynamic linker characteristics
configure:12747: result: darwin23.4.0 dyld
configure:12869: checking how to hardcode library paths into programs
configure:12894: result: immediate
configure:13446: checking whether stripping libraries is possible
configure:13463: result: yes
configure:13497: checking if libtool supports shared libraries
configure:13499: result: yes
configure:13502: checking whether to build shared libraries
configure:13527: result: yes
configure:13530: checking whether to build static libraries
configure:13534: result: yes
configure:13557: checking how to run the C++ preprocessor
configure:13579: g++ -E  conftest.cpp
configure:13579: $? = 0
configure:13594: g++ -E  conftest.cpp
conftest.cpp:23:10: fatal error: 'ac_nonexistent.h' file not found
#include <ac_nonexistent.h>
         ^~~~~~~~~~~~~~~~~~
1 error generated.
configure:13594: $? = 1
configure: failed program was:
| /* confdefs.h */
| #define PACKAGE_NAME "jansson"
| #define PACKAGE_TARNAME "jansson"
| #define PACKAGE_VERSION "2.14"
| #define PACKAGE_STRING "jansson 2.14"
| #define PACKAGE_BUGREPORT "https://github.com/akheron/jansson/issues"
| #define PACKAGE_URL ""
| #define PACKAGE "jansson"
| #define VERSION "2.14"
| #define HAVE_STDIO_H 1
| #define HAVE_STDLIB_H 1
| #define HAVE_STRING_H 1
| #define HAVE_INTTYPES_H 1
| #define HAVE_STDINT_H 1
| #define HAVE_STRINGS_H 1
| #define HAVE_SYS_STAT_H 1
| #define HAVE_SYS_TYPES_H 1
| #define HAVE_UNISTD_H 1
| #define STDC_HEADERS 1
| #define HAVE_DLFCN_H 1
| #define LT_OBJDIR ".libs/"
| /* end confdefs.h.  */
| #include <ac_nonexistent.h>
configure:13621: result: g++ -E
configure:13635: g++ -E  conftest.cpp
configure:13635: $? = 0
configure:13650: g++ -E  conftest.cpp
conftest.cpp:23:10: fatal error: 'ac_nonexistent.h' file not found
#include <ac_nonexistent.h>
         ^~~~~~~~~~~~~~~~~~
1 error generated.
configure:13650: $? = 1
configure: failed program was:
| /* confdefs.h */
| #define PACKAGE_NAME "jansson"
| #define PACKAGE_TARNAME "jansson"
| #define PACKAGE_VERSION "2.14"
| #define PACKAGE_STRING "jansson 2.14"
| #define PACKAGE_BUGREPORT "https://github.com/akheron/jansson/issues"
| #define PACKAGE_URL ""
| #define PACKAGE "jansson"
| #define VERSION "2.14"
| #define HAVE_STDIO_H 1
| #define HAVE_STDLIB_H 1
| #define HAVE_STRING_H 1
| #define HAVE_INTTYPES_H 1
| #define HAVE_STDINT_H 1
| #define HAVE_STRINGS_H 1
| #define HAVE_SYS_STAT_H 1
| #define HAVE_SYS_TYPES_H 1
| #define HAVE_UNISTD_H 1
| #define STDC_HEADERS 1
| #define HAVE_DLFCN_H 1
| #define LT_OBJDIR ".libs/"
| /* end confdefs.h.  */
| #include <ac_nonexistent.h>
configure:13815: checking for ld used by g++
configure:13883: result: /Library/Developer/CommandLineTools/usr/bin/ld
configure:13890: checking if the linker (/Library/Developer/CommandLineTools/usr/bin/ld) is GNU ld
configure:13906: result: no
configure:13961: checking whether the g++ linker (/Library/Developer/CommandLineTools/usr/bin/ld) supports shared libraries
configure:15039: result: yes
configure:15075: g++ -c -g -O2  conftest.cpp >&5
configure:15078: $? = 0
configure:15559: checking for g++ option to produce PIC
configure:15567: result: -fno-common -DPIC
configure:15575: checking if g++ PIC flag -fno-common -DPIC works
configure:15594: g++ -c -g -O2  -fno-common -DPIC -DPIC conftest.cpp >&5
configure:15598: $? = 0
configure:15611: result: yes
configure:15634: checking if g++ static flag -static works
configure:15663: result: no
configure:15675: checking if g++ supports -c -o file.o
configure:15697: g++ -c -g -O2  -o out/conftest2.o conftest.cpp >&5
configure:15701: $? = 0
configure:15723: result: yes
configure:15728: checking if g++ supports -c -o file.o
configure:15776: result: yes
configure:15806: checking whether the g++ linker (/Library/Developer/CommandLineTools/usr/bin/ld) supports shared libraries
configure:15846: result: yes
configure:15988: checking dynamic linker characteristics
configure:16736: result: darwin23.4.0 dyld
configure:16801: checking how to hardcode library paths into programs
configure:16826: result: immediate
configure:16899: checking for endian.h
configure:16899: gcc -c -g -O2  conftest.c >&5
conftest.c:51:10: fatal error: 'endian.h' file not found
#include <endian.h>
         ^~~~~~~~~~
1 error generated.
configure:16899: $? = 1
configure: failed program was:
| /* confdefs.h */
| #define PACKAGE_NAME "jansson"
| #define PACKAGE_TARNAME "jansson"
| #define PACKAGE_VERSION "2.14"
| #define PACKAGE_STRING "jansson 2.14"
| #define PACKAGE_BUGREPORT "https://github.com/akheron/jansson/issues"
| #define PACKAGE_URL ""
| #define PACKAGE "jansson"
| #define VERSION "2.14"
| #define HAVE_STDIO_H 1
| #define HAVE_STDLIB_H 1
| #define HAVE_STRING_H 1
| #define HAVE_INTTYPES_H 1
| #define HAVE_STDINT_H 1
| #define HAVE_STRINGS_H 1
| #define HAVE_SYS_STAT_H 1
| #define HAVE_SYS_TYPES_H 1
| #define HAVE_UNISTD_H 1
| #define STDC_HEADERS 1
| #define HAVE_DLFCN_H 1
| #define LT_OBJDIR ".libs/"
| /* end confdefs.h.  */
| #include <stddef.h>
| #ifdef HAVE_STDIO_H
| # include <stdio.h>
| #endif
| #ifdef HAVE_STDLIB_H
| # include <stdlib.h>
| #endif
| #ifdef HAVE_STRING_H
| # include <string.h>
| #endif
| #ifdef HAVE_INTTYPES_H
| # include <inttypes.h>
| #endif
| #ifdef HAVE_STDINT_H
| # include <stdint.h>
| #endif
| #ifdef HAVE_STRINGS_H
| # include <strings.h>
| #endif
| #ifdef HAVE_SYS_TYPES_H
| # include <sys/types.h>
| #endif
| #ifdef HAVE_SYS_STAT_H
| # include <sys/stat.h>
| #endif
| #ifdef HAVE_UNISTD_H
| # include <unistd.h>
| #endif
| #include <endian.h>
configure:16899: result: no
configure:16905: checking for fcntl.h
configure:16905: gcc -c -g -O2  conftest.c >&5
configure:16905: $? = 0
configure:16905: result: yes
configure:16911: checking for locale.h
configure:16911: gcc -c -g -O2  conftest.c >&5
configure:16911: $? = 0
configure:16911: result: yes
configure:16917: checking for sched.h
configure:16917: gcc -c -g -O2  conftest.c >&5
configure:16917: $? = 0
configure:16917: result: yes
configure:16923: checking for unistd.h
configure:16923: result: yes
configure:16929: checking for sys/param.h
configure:16929: gcc -c -g -O2  conftest.c >&5
configure:16929: $? = 0
configure:16929: result: yes
configure:16935: checking for sys/stat.h
configure:16935: result: yes
configure:16941: checking for sys/time.h
configure:16941: gcc -c -g -O2  conftest.c >&5
configure:16941: $? = 0
configure:16941: result: yes
configure:16947: checking for sys/types.h
configure:16947: result: yes
configure:16956: checking for int32_t
configure:16956: gcc -c -g -O2  conftest.c >&5
configure:16956: $? = 0
configure:16956: gcc -c -g -O2  conftest.c >&5
conftest.c:64:53: warning: overflow in expression; result is -2147483648 with type 'int' [-Winteger-overflow]
                 < (int32_t) (((((int32_t) 1 << N) << N) - 1) * 2 + 2))];
                                                                  ^
conftest.c:63:24: error: 'test_array' declared as an array with a negative size
static int test_array [1 - 2 * !((int32_t) (((((int32_t) 1 << N) << N) - 1) * 2 + 1)
                       ^~~~~~~~~~~~~~~~~~~~~~~~~~~~~~~~~~~~~~~~~~~~~~~~~~~~~~~~~~~~~
1 warning and 1 error generated.
configure:16956: $? = 1
configure: failed program was:
| /* confdefs.h */
| #define PACKAGE_NAME "jansson"
| #define PACKAGE_TARNAME "jansson"
| #define PACKAGE_VERSION "2.14"
| #define PACKAGE_STRING "jansson 2.14"
| #define PACKAGE_BUGREPORT "https://github.com/akheron/jansson/issues"
| #define PACKAGE_URL ""
| #define PACKAGE "jansson"
| #define VERSION "2.14"
| #define HAVE_STDIO_H 1
| #define HAVE_STDLIB_H 1
| #define HAVE_STRING_H 1
| #define HAVE_INTTYPES_H 1
| #define HAVE_STDINT_H 1
| #define HAVE_STRINGS_H 1
| #define HAVE_SYS_STAT_H 1
| #define HAVE_SYS_TYPES_H 1
| #define HAVE_UNISTD_H 1
| #define STDC_HEADERS 1
| #define HAVE_DLFCN_H 1
| #define LT_OBJDIR ".libs/"
| #define HAVE_FCNTL_H 1
| #define HAVE_LOCALE_H 1
| #define HAVE_SCHED_H 1
| #define HAVE_UNISTD_H 1
| #define HAVE_SYS_PARAM_H 1
| #define HAVE_SYS_STAT_H 1
| #define HAVE_SYS_TIME_H 1
| #define HAVE_SYS_TYPES_H 1
| /* end confdefs.h.  */
| #include <stddef.h>
| #ifdef HAVE_STDIO_H
| # include <stdio.h>
| #endif
| #ifdef HAVE_STDLIB_H
| # include <stdlib.h>
| #endif
| #ifdef HAVE_STRING_H
| # include <string.h>
| #endif
| #ifdef HAVE_INTTYPES_H
| # include <inttypes.h>
| #endif
| #ifdef HAVE_STDINT_H
| # include <stdint.h>
| #endif
| #ifdef HAVE_STRINGS_H
| # include <strings.h>
| #endif
| #ifdef HAVE_SYS_TYPES_H
| # include <sys/types.h>
| #endif
| #ifdef HAVE_SYS_STAT_H
| # include <sys/stat.h>
| #endif
| #ifdef HAVE_UNISTD_H
| # include <unistd.h>
| #endif
| 	        enum { N = 32 / 2 - 1 };
| int
| main (void)
| {
| static int test_array [1 - 2 * !((int32_t) (((((int32_t) 1 << N) << N) - 1) * 2 + 1)
| 		 < (int32_t) (((((int32_t) 1 << N) << N) - 1) * 2 + 2))];
| test_array [0] = 0;
| return test_array [0];
| 
|   ;
|   return 0;
| }
configure:16956: result: yes
configure:16965: checking for uint32_t
configure:16965: gcc -c -g -O2  conftest.c >&5
configure:16965: $? = 0
configure:16965: result: yes
configure:16977: checking for uint16_t
configure:16977: gcc -c -g -O2  conftest.c >&5
configure:16977: $? = 0
configure:16977: result: yes
configure:16987: checking for uint8_t
configure:16987: gcc -c -g -O2  conftest.c >&5
configure:16987: $? = 0
configure:16987: result: yes
configure:17000: checking for unsigned long long int
configure:17042: gcc -o conftest -g -O2   conftest.c  >&5
configure:17042: $? = 0
configure:17052: result: yes
configure:17062: checking for long long int
configure:17104: gcc -o conftest -g -O2   conftest.c  >&5
configure:17104: $? = 0
configure:17104: ./conftest
configure:17104: $? = 0
configure:17117: result: yes
configure:17126: checking for inline
configure:17143: gcc -c -g -O2  conftest.c >&5
configure:17143: $? = 0
configure:17152: result: inline
configure:17178: checking for close
configure:17178: gcc -o conftest -g -O2   conftest.c  >&5
configure:17178: $? = 0
configure:17178: result: yes
configure:17184: checking for getpid
configure:17184: gcc -o conftest -g -O2   conftest.c  >&5
configure:17184: $? = 0
configure:17184: result: yes
configure:17190: checking for gettimeofday
configure:17190: gcc -o conftest -g -O2   conftest.c  >&5
configure:17190: $? = 0
configure:17190: result: yes
configure:17196: checking for localeconv
configure:17196: gcc -o conftest -g -O2   conftest.c  >&5
configure:17196: $? = 0
configure:17196: result: yes
configure:17202: checking for open
configure:17202: gcc -o conftest -g -O2   conftest.c  >&5
configure:17202: $? = 0
configure:17202: result: yes
configure:17208: checking for read
configure:17208: gcc -o conftest -g -O2   conftest.c  >&5
configure:17208: $? = 0
configure:17208: result: yes
configure:17214: checking for sched_yield
configure:17214: gcc -o conftest -g -O2   conftest.c  >&5
configure:17214: $? = 0
configure:17214: result: yes
configure:17220: checking for strtoll
configure:17220: gcc -o conftest -g -O2   conftest.c  >&5
conftest.c:56:6: warning: incompatible redeclaration of library function 'strtoll' [-Wincompatible-library-redeclaration]
char strtoll ();
     ^
conftest.c:56:6: note: 'strtoll' is a builtin with type 'long long (const char *, char **, int)'
1 warning generated.
configure:17220: $? = 0
configure:17220: result: yes
configure:17228: checking for gcc __sync builtins
configure:17242: gcc -o conftest -g -O2   conftest.c  >&5
configure:17242: $? = 0
configure:17257: result: yes
configure:17260: checking for gcc __atomic builtins
configure:17274: gcc -o conftest -g -O2   conftest.c  >&5
configure:17274: $? = 0
configure:17289: result: yes
configure:17357: checking for -Bsymbolic-functions linker flag
configure:17372: gcc -o conftest -g -O2  -Wl,-Bsymbolic-functions conftest.c  >&5
conftest.c:50:17: error: function definition is not allowed here
int main (void) { return 0; }
                ^
1 error generated.
configure:17372: $? = 1
configure: failed program was:
| /* confdefs.h */
| #define PACKAGE_NAME "jansson"
| #define PACKAGE_TARNAME "jansson"
| #define PACKAGE_VERSION "2.14"
| #define PACKAGE_STRING "jansson 2.14"
| #define PACKAGE_BUGREPORT "https://github.com/akheron/jansson/issues"
| #define PACKAGE_URL ""
| #define PACKAGE "jansson"
| #define VERSION "2.14"
| #define HAVE_STDIO_H 1
| #define HAVE_STDLIB_H 1
| #define HAVE_STRING_H 1
| #define HAVE_INTTYPES_H 1
| #define HAVE_STDINT_H 1
| #define HAVE_STRINGS_H 1
| #define HAVE_SYS_STAT_H 1
| #define HAVE_SYS_TYPES_H 1
| #define HAVE_UNISTD_H 1
| #define STDC_HEADERS 1
| #define HAVE_DLFCN_H 1
| #define LT_OBJDIR ".libs/"
| #define HAVE_FCNTL_H 1
| #define HAVE_LOCALE_H 1
| #define HAVE_SCHED_H 1
| #define HAVE_UNISTD_H 1
| #define HAVE_SYS_PARAM_H 1
| #define HAVE_SYS_STAT_H 1
| #define HAVE_SYS_TIME_H 1
| #define HAVE_SYS_TYPES_H 1
| #define HAVE_UNSIGNED_LONG_LONG_INT 1
| #define HAVE_LONG_LONG_INT 1
| #define HAVE_CLOSE 1
| #define HAVE_GETPID 1
| #define HAVE_GETTIMEOFDAY 1
| #define HAVE_LOCALECONV 1
| #define HAVE_OPEN 1
| #define HAVE_READ 1
| #define HAVE_SCHED_YIELD 1
| #define HAVE_STRTOLL 1
| #define HAVE_SYNC_BUILTINS 1
| #define HAVE_ATOMIC_BUILTINS 1
| #define USE_URANDOM 1
| #define USE_WINDOWS_CRYPTOAPI 1
| #define INITIAL_HASHTABLE_ORDER 3
| /* end confdefs.h.  */
| 
| int
| main (void)
| {
| int main (void) { return 0; }
|   ;
|   return 0;
| }
configure:17378: result: no
configure:17403: checking for gcc options needed to detect all undeclared functions
configure:17425: gcc -c -g -O2   conftest.c >&5
conftest.c:50:8: error: call to undeclared library function 'strchr' with type 'char *(const char *, int)'; ISO C99 and later do not support implicit function declarations [-Wimplicit-function-declaration]
(void) strchr;
       ^
conftest.c:50:8: note: include the header <string.h> or explicitly provide a declaration for 'strchr'
1 error generated.
configure:17425: $? = 1
configure: failed program was:
| /* confdefs.h */
| #define PACKAGE_NAME "jansson"
| #define PACKAGE_TARNAME "jansson"
| #define PACKAGE_VERSION "2.14"
| #define PACKAGE_STRING "jansson 2.14"
| #define PACKAGE_BUGREPORT "https://github.com/akheron/jansson/issues"
| #define PACKAGE_URL ""
| #define PACKAGE "jansson"
| #define VERSION "2.14"
| #define HAVE_STDIO_H 1
| #define HAVE_STDLIB_H 1
| #define HAVE_STRING_H 1
| #define HAVE_INTTYPES_H 1
| #define HAVE_STDINT_H 1
| #define HAVE_STRINGS_H 1
| #define HAVE_SYS_STAT_H 1
| #define HAVE_SYS_TYPES_H 1
| #define HAVE_UNISTD_H 1
| #define STDC_HEADERS 1
| #define HAVE_DLFCN_H 1
| #define LT_OBJDIR ".libs/"
| #define HAVE_FCNTL_H 1
| #define HAVE_LOCALE_H 1
| #define HAVE_SCHED_H 1
| #define HAVE_UNISTD_H 1
| #define HAVE_SYS_PARAM_H 1
| #define HAVE_SYS_STAT_H 1
| #define HAVE_SYS_TIME_H 1
| #define HAVE_SYS_TYPES_H 1
| #define HAVE_UNSIGNED_LONG_LONG_INT 1
| #define HAVE_LONG_LONG_INT 1
| #define HAVE_CLOSE 1
| #define HAVE_GETPID 1
| #define HAVE_GETTIMEOFDAY 1
| #define HAVE_LOCALECONV 1
| #define HAVE_OPEN 1
| #define HAVE_READ 1
| #define HAVE_SCHED_YIELD 1
| #define HAVE_STRTOLL 1
| #define HAVE_SYNC_BUILTINS 1
| #define HAVE_ATOMIC_BUILTINS 1
| #define USE_URANDOM 1
| #define USE_WINDOWS_CRYPTOAPI 1
| #define INITIAL_HASHTABLE_ORDER 3
| /* end confdefs.h.  */
| 
| int
| main (void)
| {
| (void) strchr;
|   ;
|   return 0;
| }
configure:17452: gcc -c -g -O2   conftest.c >&5
configure:17452: $? = 0
configure:17469: result: none needed
configure:17483: checking whether __GLIBC__ is declared
configure:17483: gcc -c -g -O2   conftest.c >&5
conftest.c:81:10: error: use of undeclared identifier '__GLIBC__'
  (void) __GLIBC__;
         ^
1 error generated.
configure:17483: $? = 1
configure: failed program was:
| /* confdefs.h */
| #define PACKAGE_NAME "jansson"
| #define PACKAGE_TARNAME "jansson"
| #define PACKAGE_VERSION "2.14"
| #define PACKAGE_STRING "jansson 2.14"
| #define PACKAGE_BUGREPORT "https://github.com/akheron/jansson/issues"
| #define PACKAGE_URL ""
| #define PACKAGE "jansson"
| #define VERSION "2.14"
| #define HAVE_STDIO_H 1
| #define HAVE_STDLIB_H 1
| #define HAVE_STRING_H 1
| #define HAVE_INTTYPES_H 1
| #define HAVE_STDINT_H 1
| #define HAVE_STRINGS_H 1
| #define HAVE_SYS_STAT_H 1
| #define HAVE_SYS_TYPES_H 1
| #define HAVE_UNISTD_H 1
| #define STDC_HEADERS 1
| #define HAVE_DLFCN_H 1
| #define LT_OBJDIR ".libs/"
| #define HAVE_FCNTL_H 1
| #define HAVE_LOCALE_H 1
| #define HAVE_SCHED_H 1
| #define HAVE_UNISTD_H 1
| #define HAVE_SYS_PARAM_H 1
| #define HAVE_SYS_STAT_H 1
| #define HAVE_SYS_TIME_H 1
| #define HAVE_SYS_TYPES_H 1
| #define HAVE_UNSIGNED_LONG_LONG_INT 1
| #define HAVE_LONG_LONG_INT 1
| #define HAVE_CLOSE 1
| #define HAVE_GETPID 1
| #define HAVE_GETTIMEOFDAY 1
| #define HAVE_LOCALECONV 1
| #define HAVE_OPEN 1
| #define HAVE_READ 1
| #define HAVE_SCHED_YIELD 1
| #define HAVE_STRTOLL 1
| #define HAVE_SYNC_BUILTINS 1
| #define HAVE_ATOMIC_BUILTINS 1
| #define USE_URANDOM 1
| #define USE_WINDOWS_CRYPTOAPI 1
| #define INITIAL_HASHTABLE_ORDER 3
| /* end confdefs.h.  */
| #include <stddef.h>
| #ifdef HAVE_STDIO_H
| # include <stdio.h>
| #endif
| #ifdef HAVE_STDLIB_H
| # include <stdlib.h>
| #endif
| #ifdef HAVE_STRING_H
| # include <string.h>
| #endif
| #ifdef HAVE_INTTYPES_H
| # include <inttypes.h>
| #endif
| #ifdef HAVE_STDINT_H
| # include <stdint.h>
| #endif
| #ifdef HAVE_STRINGS_H
| # include <strings.h>
| #endif
| #ifdef HAVE_SYS_TYPES_H
| # include <sys/types.h>
| #endif
| #ifdef HAVE_SYS_STAT_H
| # include <sys/stat.h>
| #endif
| #ifdef HAVE_UNISTD_H
| # include <unistd.h>
| #endif
| int
| main (void)
| {
| #ifndef __GLIBC__
| #ifdef __cplusplus
|   (void) __GLIBC__;
| #else
|   (void) __GLIBC__;
| #endif
| #endif
| 
|   ;
|   return 0;
| }
configure:17483: result: no
configure:17528: checking for -Wno-format-truncation
configure:17536: result: no
configure:17656: checking that generated files are newer than configure
configure:17662: result: done
configure:17705: creating ./config.status

## ---------------------- ##
## Running config.status. ##
## ---------------------- ##

This file was extended by jansson config.status 2.14, which was
generated by GNU Autoconf 2.71.  Invocation command line was

  CONFIG_FILES    = 
  CONFIG_HEADERS  = 
  CONFIG_LINKS    = 
  CONFIG_COMMANDS = 
  $ ./config.status 

on taiyos-mbp.ds.usfca.edu

config.status:1189: creating jansson.pc
config.status:1189: creating Makefile
config.status:1189: creating doc/Makefile
config.status:1189: creating src/Makefile
config.status:1189: creating src/jansson_config.h
config.status:1189: creating test/Makefile
config.status:1189: creating test/bin/Makefile
config.status:1189: creating test/ossfuzz/Makefile
config.status:1189: creating test/suites/Makefile
config.status:1189: creating test/suites/api/Makefile
config.status:1189: creating jansson_private_config.h
config.status:1418: executing depfiles commands
config.status:1495: cd src       && sed -e '/# am--include-marker/d' Makefile         | make -f - am--depfiles
config.status:1500: $? = 0
config.status:1495: cd test/bin       && sed -e '/# am--include-marker/d' Makefile         | make -f - am--depfiles
config.status:1500: $? = 0
config.status:1495: cd test/ossfuzz       && sed -e '/# am--include-marker/d' Makefile         | make -f - am--depfiles
config.status:1500: $? = 0
config.status:1495: cd test/suites/api       && sed -e '/# am--include-marker/d' Makefile         | make -f - am--depfiles
config.status:1500: $? = 0
config.status:1418: executing libtool commands

## ---------------- ##
## Cache variables. ##
## ---------------- ##

ac_cv_build=aarch64-apple-darwin23.4.0
ac_cv_c_compiler_gnu=yes
ac_cv_c_inline=inline
ac_cv_c_int32_t=yes
ac_cv_c_uint16_t=yes
ac_cv_c_uint32_t=yes
ac_cv_c_uint8_t=yes
ac_cv_c_undeclared_builtin_options='none needed'
ac_cv_cxx_compiler_gnu=yes
ac_cv_env_CCC_set=
ac_cv_env_CCC_value=
ac_cv_env_CC_set=
ac_cv_env_CC_value=
ac_cv_env_CFLAGS_set=
ac_cv_env_CFLAGS_value=
ac_cv_env_CPPFLAGS_set=
ac_cv_env_CPPFLAGS_value=
ac_cv_env_CXXCPP_set=
ac_cv_env_CXXCPP_value=
ac_cv_env_CXXFLAGS_set=
ac_cv_env_CXXFLAGS_value=
ac_cv_env_CXX_set=
ac_cv_env_CXX_value=
ac_cv_env_LDFLAGS_set=
ac_cv_env_LDFLAGS_value=
ac_cv_env_LIBS_set=
ac_cv_env_LIBS_value=
ac_cv_env_LT_SYS_LIBRARY_PATH_set=
ac_cv_env_LT_SYS_LIBRARY_PATH_value=
ac_cv_env_build_alias_set=
ac_cv_env_build_alias_value=
ac_cv_env_host_alias_set=
ac_cv_env_host_alias_value=
ac_cv_env_target_alias_set=
ac_cv_env_target_alias_value=
ac_cv_func_close=yes
ac_cv_func_getpid=yes
ac_cv_func_gettimeofday=yes
ac_cv_func_localeconv=yes
ac_cv_func_open=yes
ac_cv_func_read=yes
ac_cv_func_sched_yield=yes
ac_cv_func_strtoll=yes
ac_cv_have_decl___GLIBC__=no
ac_cv_header_dlfcn_h=yes
ac_cv_header_endian_h=no
ac_cv_header_fcntl_h=yes
ac_cv_header_inttypes_h=yes
ac_cv_header_locale_h=yes
ac_cv_header_sched_h=yes
ac_cv_header_stdint_h=yes
ac_cv_header_stdio_h=yes
ac_cv_header_stdlib_h=yes
ac_cv_header_string_h=yes
ac_cv_header_strings_h=yes
ac_cv_header_sys_param_h=yes
ac_cv_header_sys_stat_h=yes
ac_cv_header_sys_time_h=yes
ac_cv_header_sys_types_h=yes
ac_cv_header_unistd_h=yes
ac_cv_host=aarch64-apple-darwin23.4.0
ac_cv_objext=o
ac_cv_path_EGREP='/usr/bin/grep -E'
ac_cv_path_FGREP='/usr/bin/grep -F'
ac_cv_path_GREP=/usr/bin/grep
ac_cv_path_SED=/usr/bin/sed
ac_cv_path_install='/usr/bin/install -c'
ac_cv_path_lt_DD=/bin/dd
ac_cv_prog_AWK=awk
ac_cv_prog_CXXCPP='g++ -E'
ac_cv_prog_ac_ct_AR=ar
ac_cv_prog_ac_ct_CC=gcc
ac_cv_prog_ac_ct_CXX=g++
ac_cv_prog_ac_ct_DSYMUTIL=dsymutil
ac_cv_prog_ac_ct_LIPO=lipo
ac_cv_prog_ac_ct_NMEDIT=nmedit
ac_cv_prog_ac_ct_OBJDUMP=objdump
ac_cv_prog_ac_ct_OTOOL=otool
ac_cv_prog_ac_ct_RANLIB=ranlib
ac_cv_prog_ac_ct_STRIP=strip
ac_cv_prog_cc_c11=
ac_cv_prog_cc_g=yes
ac_cv_prog_cc_stdc=
ac_cv_prog_cxx_11=no
ac_cv_prog_cxx_g=yes
ac_cv_prog_cxx_stdcxx=
ac_cv_prog_make_make_set=yes
ac_cv_type_long_long_int=yes
ac_cv_type_unsigned_long_long_int=yes
am_cv_CC_dependencies_compiler_type=gcc3
am_cv_CXX_dependencies_compiler_type=gcc3
am_cv_make_support_nested_variables=yes
am_cv_prog_cc_c_o=yes
lt_cv_apple_cc_single_mod=no
lt_cv_ar_at_file=no
lt_cv_deplibs_check_method=pass_all
lt_cv_file_magic_cmd='$MAGIC_CMD'
lt_cv_file_magic_test_file=
lt_cv_ld_exported_symbols_list=yes
lt_cv_ld_force_load=yes
lt_cv_ld_reload_flag=-r
lt_cv_nm_interface='BSD nm'
lt_cv_objdir=.libs
lt_cv_path_LD=/Library/Developer/CommandLineTools/usr/bin/ld
lt_cv_path_LDCXX=/Library/Developer/CommandLineTools/usr/bin/ld
lt_cv_path_NM='/usr/bin/nm -B'
lt_cv_path_mainfest_tool=no
lt_cv_prog_compiler_c_o=yes
lt_cv_prog_compiler_c_o_CXX=yes
lt_cv_prog_compiler_pic='-fno-common -DPIC'
lt_cv_prog_compiler_pic_CXX='-fno-common -DPIC'
lt_cv_prog_compiler_pic_works=yes
lt_cv_prog_compiler_pic_works_CXX=yes
lt_cv_prog_compiler_rtti_exceptions=yes
lt_cv_prog_compiler_static_works=no
lt_cv_prog_compiler_static_works_CXX=no
lt_cv_prog_gnu_ld=no
lt_cv_prog_gnu_ldcxx=no
lt_cv_sharedlib_from_linklib_cmd='printf %s\n'
lt_cv_sys_global_symbol_pipe='sed -n -e '\''s/^.*[	 ]\([ABCDGIRSTW][ABCDGIRSTW]*\)[	 ][	 ]*_\([_A-Za-z][_A-Za-z0-9]*\)$/\1 _\2 \2/p'\'' | sed '\''/ __gnu_lto/d'\'''
lt_cv_sys_global_symbol_to_c_name_address='sed -n -e '\''s/^: \(.*\) .*$/  {"\1", (void *) 0},/p'\'' -e '\''s/^[ABCDGIRSTW][ABCDGIRSTW]* .* \(.*\)$/  {"\1", (void *) \&\1},/p'\'''
lt_cv_sys_global_symbol_to_c_name_address_lib_prefix='sed -n -e '\''s/^: \(.*\) .*$/  {"\1", (void *) 0},/p'\'' -e '\''s/^[ABCDGIRSTW][ABCDGIRSTW]* .* \(lib.*\)$/  {"\1", (void *) \&\1},/p'\'' -e '\''s/^[ABCDGIRSTW][ABCDGIRSTW]* .* \(.*\)$/  {"lib\1", (void *) \&\1},/p'\'''
lt_cv_sys_global_symbol_to_cdecl='sed -n -e '\''s/^T .* \(.*\)$/extern int \1();/p'\'' -e '\''s/^[ABCDGIRSTW][ABCDGIRSTW]* .* \(.*\)$/extern char \1;/p'\'''
lt_cv_sys_global_symbol_to_import=
lt_cv_sys_max_cmd_len=786432
lt_cv_to_host_file_cmd=func_convert_file_noop
lt_cv_to_tool_file_cmd=func_convert_file_noop
lt_cv_truncate_bin='/bin/dd bs=4096 count=1'

## ----------------- ##
## Output variables. ##
## ----------------- ##

ACLOCAL='${SHELL} '\''/Users/happiness/Desktop/CS336/project/jansson-2.14/missing'\'' aclocal-1.16'
AMDEPBACKSLASH='\'
AMDEP_FALSE='#'
AMDEP_TRUE=''
AMTAR='$${TAR-tar}'
AM_BACKSLASH='\'
AM_CFLAGS='-Wall -Wextra -Wdeclaration-after-statement -Wshadow '
AM_DEFAULT_V='$(AM_DEFAULT_VERBOSITY)'
AM_DEFAULT_VERBOSITY='1'
AM_V='$(V)'
AR='ar'
AUTOCONF='${SHELL} '\''/Users/happiness/Desktop/CS336/project/jansson-2.14/missing'\'' autoconf'
AUTOHEADER='${SHELL} '\''/Users/happiness/Desktop/CS336/project/jansson-2.14/missing'\'' autoheader'
AUTOMAKE='${SHELL} '\''/Users/happiness/Desktop/CS336/project/jansson-2.14/missing'\'' automake-1.16'
AWK='awk'
CC='gcc'
CCDEPMODE='depmode=gcc3'
CFLAGS='-g -O2'
CPPFLAGS=''
CSCOPE='cscope'
CTAGS='ctags'
CXX='g++'
CXXCPP='g++ -E'
CXXDEPMODE='depmode=gcc3'
CXXFLAGS='-g -O2'
CYGPATH_W='echo'
DEFS='-DHAVE_CONFIG_H'
DEPDIR='.deps'
DLLTOOL='false'
DSYMUTIL='dsymutil'
DUMPBIN=''
ECHO_C='\c'
ECHO_N=''
ECHO_T=''
EGREP='/usr/bin/grep -E'
ETAGS='etags'
EXEEXT=''
FGREP='/usr/bin/grep -F'
GCC_FALSE='#'
GCC_TRUE=''
GREP='/usr/bin/grep'
INSTALL_DATA='${INSTALL} -m 644'
INSTALL_PROGRAM='${INSTALL}'
INSTALL_SCRIPT='${INSTALL}'
INSTALL_STRIP_PROGRAM='$(install_sh) -c -s'
JSON_BSYMBOLIC_LDFLAGS=''
JSON_SYMVER_LDFLAGS=''
LD='/Library/Developer/CommandLineTools/usr/bin/ld'
LDFLAGS=''
LIBOBJS=''
LIBS=''
LIBTOOL='$(SHELL) $(top_builddir)/libtool'
LIB_FUZZING_ENGINE=''
LIPO='lipo'
LN_S='ln -s'
LTLIBOBJS=''
LT_SYS_LIBRARY_PATH=''
MAKEINFO='${SHELL} '\''/Users/happiness/Desktop/CS336/project/jansson-2.14/missing'\'' makeinfo'
MANIFEST_TOOL=':'
MKDIR_P='././install-sh -c -d'
NM='/usr/bin/nm -B'
NMEDIT='nmedit'
OBJDUMP='objdump'
OBJEXT='o'
OTOOL64=':'
OTOOL='otool'
PACKAGE='jansson'
PACKAGE_BUGREPORT='https://github.com/akheron/jansson/issues'
PACKAGE_NAME='jansson'
PACKAGE_STRING='jansson 2.14'
PACKAGE_TARNAME='jansson'
PACKAGE_URL=''
PACKAGE_VERSION='2.14'
PATH_SEPARATOR=':'
RANLIB='ranlib'
SED='/usr/bin/sed'
SET_MAKE=''
SHELL='/bin/sh'
STRIP='strip'
USE_OSSFUZZERS_FALSE=''
USE_OSSFUZZERS_TRUE='#'
USE_OSSFUZZ_FLAG_FALSE=''
USE_OSSFUZZ_FLAG_TRUE='#'
USE_OSSFUZZ_STATIC_FALSE=''
USE_OSSFUZZ_STATIC_TRUE='#'
VERSION='2.14'
ac_ct_AR='ar'
ac_ct_CC='gcc'
ac_ct_CXX='g++'
ac_ct_DUMPBIN=''
am__EXEEXT_FALSE=''
am__EXEEXT_TRUE='#'
am__fastdepCC_FALSE='#'
am__fastdepCC_TRUE=''
am__fastdepCXX_FALSE='#'
am__fastdepCXX_TRUE=''
am__include='include'
am__isrc=''
am__leading_dot='.'
am__nodep='_no'
am__quote=''
am__tar='$${TAR-tar} chof - "$$tardir"'
am__untar='$${TAR-tar} xf -'
bindir='${exec_prefix}/bin'
build='aarch64-apple-darwin23.4.0'
build_alias=''
build_cpu='aarch64'
build_os='darwin23.4.0'
build_vendor='apple'
datadir='${datarootdir}'
datarootdir='${prefix}/share'
docdir='${datarootdir}/doc/${PACKAGE_TARNAME}'
dvidir='${docdir}'
exec_prefix='${prefix}'
host='aarch64-apple-darwin23.4.0'
host_alias=''
host_cpu='aarch64'
host_os='darwin23.4.0'
host_vendor='apple'
htmldir='${docdir}'
includedir='${prefix}/include'
infodir='${datarootdir}/info'
install_sh='${SHELL} /Users/happiness/Desktop/CS336/project/jansson-2.14/install-sh'
json_have_atomic_builtins='1'
json_have_localeconv='1'
json_have_long_long='1'
json_have_sync_builtins='1'
json_inline='inline'
libdir='${exec_prefix}/lib'
libexecdir='${exec_prefix}/libexec'
localedir='${datarootdir}/locale'
localstatedir='${prefix}/var'
mandir='${datarootdir}/man'
mkdir_p='$(MKDIR_P)'
oldincludedir='/usr/include'
pdfdir='${docdir}'
prefix='/usr/local'
program_transform_name='s,x,x,'
psdir='${docdir}'
runstatedir='${localstatedir}/run'
sbindir='${exec_prefix}/sbin'
sharedstatedir='${prefix}/com'
sysconfdir='${prefix}/etc'
target_alias=''

## ----------- ##
## confdefs.h. ##
## ----------- ##

/* confdefs.h */
#define PACKAGE_NAME "jansson"
#define PACKAGE_TARNAME "jansson"
#define PACKAGE_VERSION "2.14"
#define PACKAGE_STRING "jansson 2.14"
#define PACKAGE_BUGREPORT "https://github.com/akheron/jansson/issues"
#define PACKAGE_URL ""
#define PACKAGE "jansson"
#define VERSION "2.14"
#define HAVE_STDIO_H 1
#define HAVE_STDLIB_H 1
#define HAVE_STRING_H 1
#define HAVE_INTTYPES_H 1
#define HAVE_STDINT_H 1
#define HAVE_STRINGS_H 1
#define HAVE_SYS_STAT_H 1
#define HAVE_SYS_TYPES_H 1
#define HAVE_UNISTD_H 1
#define STDC_HEADERS 1
#define HAVE_DLFCN_H 1
#define LT_OBJDIR ".libs/"
#define HAVE_FCNTL_H 1
#define HAVE_LOCALE_H 1
#define HAVE_SCHED_H 1
#define HAVE_UNISTD_H 1
#define HAVE_SYS_PARAM_H 1
#define HAVE_SYS_STAT_H 1
#define HAVE_SYS_TIME_H 1
#define HAVE_SYS_TYPES_H 1
#define HAVE_UNSIGNED_LONG_LONG_INT 1
#define HAVE_LONG_LONG_INT 1
#define HAVE_CLOSE 1
#define HAVE_GETPID 1
#define HAVE_GETTIMEOFDAY 1
#define HAVE_LOCALECONV 1
#define HAVE_OPEN 1
#define HAVE_READ 1
#define HAVE_SCHED_YIELD 1
#define HAVE_STRTOLL 1
#define HAVE_SYNC_BUILTINS 1
#define HAVE_ATOMIC_BUILTINS 1
#define USE_URANDOM 1
#define USE_WINDOWS_CRYPTOAPI 1
#define INITIAL_HASHTABLE_ORDER 3

configure: exit 0
